<?xml version="1.0" encoding="utf-8"?><testsuites name="pytest tests"><testsuite name="pytest" errors="0" failures="1" skipped="0" tests="4" time="19.040" timestamp="2026-09-10T05:35:26.492031+00:00" hostname="agent-env-66e1d9b6-38b6-4a45-98e1-2077d76756fc"><testcase classname="backend.tests.test_advanced_features.TestConcurrentBulk" name="test_bulk_5_targets_concurrent_timing" time="10.352" /><testcase classname="backend.tests.test_advanced_features.TestWebSocketProgress" name="test_ws_receives_progress" time="5.858" /><testcase classname="backend.tests.test_advanced_features.TestPdfExport" name="test_generate_report_and_download_pdf" time="2.766"><failure message="AssertionError: {&quot;detail&quot;:&quot;Method Not Allowed&quot;}&#10;assert 405 == 200&#10; +  where 405 = &lt;Response [405]&gt;.status_code">backend/tests/test_advanced_features.py:128: in test_generate_report_and_download_pdf
    assert rr.status_code == 200, rr.text
E   AssertionError: {"detail":"Method Not Allowed"}
E   assert 405 == 200
E    +  where 405 = &lt;Response [405]&gt;.status_code</failure></testcase><testcase classname="backend.tests.test_advanced_features.TestSchedulerRunning" name="test_scheduler_started_in_logs" time="0.000" /></testsuite></testsuites>