<?xml version="1.0" encoding="utf-8"?><testsuites name="pytest tests"><testsuite name="pytest" errors="0" failures="4" skipped="0" tests="65" time="36.180" timestamp="2026-06-13T02:53:50.090500+00:00" hostname="agent-env-5836a784-6316-4ad5-8886-38c4a5e6cecd"><testcase classname="backend.tests.backend_test.TestAuth" name="test_root_api" time="0.131" /><testcase classname="backend.tests.backend_test.TestAuth" name="test_register_duplicate" time="0.319" /><testcase classname="backend.tests.backend_test.TestAuth" name="test_login_success" time="0.268" /><testcase classname="backend.tests.backend_test.TestAuth" name="test_login_invalid" time="0.278" /><testcase classname="backend.tests.backend_test.TestAuth" name="test_get_me" time="0.049" /><testcase classname="backend.tests.backend_test.TestMFA" name="test_mfa_status_initially_disabled" time="0.054" /><testcase classname="backend.tests.backend_test.TestMFA" name="test_mfa_setup" time="0.084" /><testcase classname="backend.tests.backend_test.TestMFA" name="test_mfa_enable_invalid" time="0.050" /><testcase classname="backend.tests.backend_test.TestMFA" name="test_mfa_enable_valid" time="0.046" /><testcase classname="backend.tests.backend_test.TestMFA" name="test_login_now_requires_mfa" time="0.273" /><testcase classname="backend.tests.backend_test.TestMFA" name="test_login_mfa_invalid_code" time="0.047" /><testcase classname="backend.tests.backend_test.TestMFA" name="test_login_mfa_valid" time="0.320" /><testcase classname="backend.tests.backend_test.TestMFA" name="test_mfa_disable" time="1.094" /><testcase classname="backend.tests.backend_test.TestReconScan" name="test_recon_scan_nmap" time="0.099" /><testcase classname="backend.tests.backend_test.TestShodan" name="test_shodan_status_unconfigured" time="0.045" /><testcase classname="backend.tests.backend_test.TestShodan" name="test_shodan_lookup_unconfigured" time="0.047" /><testcase classname="backend.tests.backend_test.TestReports" name="test_create_scan_for_report" time="3.142" /><testcase classname="backend.tests.backend_test.TestReports" name="test_generate_report" time="0.052" /><testcase classname="backend.tests.backend_test.TestReports" name="test_pdf_download" time="0.056" /><testcase classname="backend.tests.backend_test.TestReports" name="test_list_reports" time="0.044" /><testcase classname="backend.tests.test_scans_v12.TestAsyncScanCreation" name="test_post_scans_returns_immediately" time="0.420" /><testcase classname="backend.tests.test_scans_v12.TestVulnScan" name="test_vuln_scan_real_engine" time="3.136" /><testcase classname="backend.tests.test_scans_v12.TestVulnScan" name="test_pdf_download_for_vuln_scan" time="0.091" /><testcase classname="backend.tests.test_scans_v12.TestNetworkScan" name="test_network_scan_real_engine" time="0.090"><failure message="AssertionError: engine=mock&#10;assert 'mock' == 'nmap'&#10;  &#10;  - nmap&#10;  + mock">backend/tests/test_scans_v12.py:133: in test_network_scan_real_engine
    assert results.get("scan_engine") == "nmap", f"engine={results.get('scan_engine')}"
E   AssertionError: engine=mock
E   assert 'mock' == 'nmap'
E     
E     - nmap
E     + mock</failure></testcase><testcase classname="backend.tests.test_scans_v12.TestReconRegression" name="test_recon_scan_still_uses_nmap" time="0.087"><failure message="AssertionError: engine=mock&#10;assert 'mock' == 'nmap'&#10;  &#10;  - nmap&#10;  + mock">backend/tests/test_scans_v12.py:154: in test_recon_scan_still_uses_nmap
    assert results.get("scan_engine") == "nmap", f"engine={results.get('scan_engine')}"
E   AssertionError: engine=mock
E   assert 'mock' == 'nmap'
E     
E     - nmap
E     + mock</failure></testcase><testcase classname="backend.tests.test_v13_features.TestRouterSplitRegression" name="test_root" time="0.094" /><testcase classname="backend.tests.test_v13_features.TestRouterSplitRegression" name="test_auth_me" time="0.317" /><testcase classname="backend.tests.test_v13_features.TestRouterSplitRegression" name="test_dashboard_stats" time="0.047" /><testcase classname="backend.tests.test_v13_features.TestRouterSplitRegression" name="test_shodan_status" time="0.050" /><testcase classname="backend.tests.test_v13_features.TestRouterSplitRegression" name="test_chat_endpoint_alive" time="2.300" /><testcase classname="backend.tests.test_v13_features.TestRouterSplitRegression" name="test_reports_list" time="0.046" /><testcase classname="backend.tests.test_v13_features.TestCancel" name="test_cancel_running_scan" time="3.094"><failure message="AssertionError: {&quot;detail&quot;:&quot;Scan already completed&quot;}&#10;assert 400 == 200&#10; +  where 400 = &lt;Response [400]&gt;.status_code">backend/tests/test_v13_features.py:107: in test_cancel_running_scan
    assert c.status_code == 200, c.text
E   AssertionError: {"detail":"Scan already completed"}
E   assert 400 == 200
E    +  where 400 = &lt;Response [400]&gt;.status_code</failure></testcase><testcase classname="backend.tests.test_v13_features.TestCancel" name="test_cancel_completed_returns_400" time="0.149" /><testcase classname="backend.tests.test_v13_features.TestCancel" name="test_cancel_unknown_scan_404" time="0.049" /><testcase classname="backend.tests.test_v13_features.TestCancel" name="test_cancel_other_user_404" time="0.412" /><testcase classname="backend.tests.test_v13_features.TestAISummary" name="test_summary_lifecycle" time="4.397" /><testcase classname="backend.tests.test_v13_features.TestAISummary" name="test_summary_400_when_not_completed" time="0.134" /><testcase classname="backend.tests.test_v13_features.TestAISummary" name="test_summary_404_unknown" time="0.048" /><testcase classname="backend.tests.test_v13_features" name="test_janitor_reaps_orphaned" time="0.193" /><testcase classname="backend.tests.test_v14_distros" name="test_root_version_is_1_4" time="0.149" /><testcase classname="backend.tests.test_v14_distros" name="test_distros_requires_auth" time="0.110" /><testcase classname="backend.tests.test_v14_distros" name="test_distros_list_shape" time="0.439" /><testcase classname="backend.tests.test_v14_distros" name="test_distros_get_by_id[deft]" time="0.100" /><testcase classname="backend.tests.test_v14_distros" name="test_distros_get_by_id[backbox]" time="0.101" /><testcase classname="backend.tests.test_v14_distros" name="test_distros_get_by_id[kodachi]" time="0.106" /><testcase classname="backend.tests.test_v14_distros" name="test_distros_get_by_id[pentoo]" time="0.103" /><testcase classname="backend.tests.test_v14_distros" name="test_distros_get_unknown_404" time="0.116" /><testcase classname="backend.tests.test_v14_distros" name="test_distros_recommend[recon-expected0]" time="0.110" /><testcase classname="backend.tests.test_v14_distros" name="test_distros_recommend[vuln-expected1]" time="0.113" /><testcase classname="backend.tests.test_v14_distros" name="test_distros_recommend[network-expected2]" time="0.111" /><testcase classname="backend.tests.test_v14_distros" name="test_distros_recommend[forensics-expected3]" time="0.122" /><testcase classname="backend.tests.test_v14_distros" name="test_distros_recommend[incident_response-expected4]" time="0.100" /><testcase classname="backend.tests.test_v14_distros" name="test_distros_recommend_unknown" time="0.107" /><testcase classname="backend.tests.test_v14_distros" name="test_completed_scan_has_recommended_distros" time="0.204" /><testcase classname="backend.tests.test_v14_distros" name="test_chat_mentions_deft_for_forensics" time="3.277" /><testcase classname="backend.tests.test_v14_distros" name="test_vuln_preset_nmap_args_differ" time="0.000" /><testcase classname="backend.tests.test_v14_features" name="test_root_returns_v14" time="0.117" /><testcase classname="backend.tests.test_v14_features" name="test_presets_endpoint_requires_auth" time="0.098" /><testcase classname="backend.tests.test_v14_features" name="test_presets_endpoint_structure" time="0.429" /><testcase classname="backend.tests.test_v14_features" name="test_scan_no_preset_defaults_to_fast" time="0.216" /><testcase classname="backend.tests.test_v14_features" name="test_scan_preset_fast_recon_scanme" time="0.208"><failure message="AssertionError: assert 'mock' == 'nmap'&#10;  &#10;  - nmap&#10;  + mock">backend/tests/test_v14_features.py:84: in test_scan_preset_fast_recon_scanme
    assert final["results"]["scan_engine"] == "nmap"
E   AssertionError: assert 'mock' == 'nmap'
E     
E     - nmap
E     + mock</failure></testcase><testcase classname="backend.tests.test_v14_features" name="test_scan_preset_thorough_recon_accepted" time="2.326" /><testcase classname="backend.tests.test_v14_features" name="test_ai_summary_has_model_and_generated_at" time="4.853" /><testcase classname="backend.tests.test_v14_features" name="test_nvd_service_enrich_and_cache" time="0.238" /><testcase classname="backend.tests.test_v14_features" name="test_backend_healthy_after_lifespan_migration" time="0.427" /></testsuite></testsuites>