<?xml version="1.0" encoding="utf-8"?><testsuites name="pytest tests"><testsuite name="pytest" errors="0" failures="2" skipped="0" tests="48" time="260.435" timestamp="2026-05-06T03:38:48.696277+00:00" hostname="agent-env-5836a784-6316-4ad5-8886-38c4a5e6cecd"><testcase classname="backend.tests.backend_test.TestAuth" name="test_root_api" time="0.212" /><testcase classname="backend.tests.backend_test.TestAuth" name="test_register_duplicate" time="0.369" /><testcase classname="backend.tests.backend_test.TestAuth" name="test_login_success" time="0.293" /><testcase classname="backend.tests.backend_test.TestAuth" name="test_login_invalid" time="0.288" /><testcase classname="backend.tests.backend_test.TestAuth" name="test_get_me" time="0.067" /><testcase classname="backend.tests.backend_test.TestMFA" name="test_mfa_status_initially_disabled" time="0.065" /><testcase classname="backend.tests.backend_test.TestMFA" name="test_mfa_setup" time="0.090" /><testcase classname="backend.tests.backend_test.TestMFA" name="test_mfa_enable_invalid" time="0.064" /><testcase classname="backend.tests.backend_test.TestMFA" name="test_mfa_enable_valid" time="0.078" /><testcase classname="backend.tests.backend_test.TestMFA" name="test_login_now_requires_mfa" time="0.283" /><testcase classname="backend.tests.backend_test.TestMFA" name="test_login_mfa_invalid_code" time="0.062" /><testcase classname="backend.tests.backend_test.TestMFA" name="test_login_mfa_valid" time="0.349" /><testcase classname="backend.tests.backend_test.TestMFA" name="test_mfa_disable" time="1.125" /><testcase classname="backend.tests.backend_test.TestReconScan" name="test_recon_scan_nmap" time="3.196" /><testcase classname="backend.tests.backend_test.TestShodan" name="test_shodan_status_unconfigured" time="0.070" /><testcase classname="backend.tests.backend_test.TestShodan" name="test_shodan_lookup_unconfigured" time="0.062" /><testcase classname="backend.tests.backend_test.TestReports" name="test_create_scan_for_report" time="107.481" /><testcase classname="backend.tests.backend_test.TestReports" name="test_generate_report" time="0.066" /><testcase classname="backend.tests.backend_test.TestReports" name="test_pdf_download" time="0.069" /><testcase classname="backend.tests.backend_test.TestReports" name="test_list_reports" time="0.062" /><testcase classname="backend.tests.test_scans_v12.TestAsyncScanCreation" name="test_post_scans_returns_immediately" time="0.498" /><testcase classname="backend.tests.test_scans_v12.TestVulnScan" name="test_vuln_scan_real_engine" time="104.201" /><testcase classname="backend.tests.test_scans_v12.TestVulnScan" name="test_pdf_download_for_vuln_scan" time="0.101" /><testcase classname="backend.tests.test_scans_v12.TestNetworkScan" name="test_network_scan_real_engine" time="9.243" /><testcase classname="backend.tests.test_scans_v12.TestReconRegression" name="test_recon_scan_still_uses_nmap" time="3.152" /><testcase classname="backend.tests.test_v13_features.TestRouterSplitRegression" name="test_root" time="0.243"><failure message="AssertionError: assert '1.3' in '1.4.0'&#10; +  where '1.4.0' = &lt;built-in method get of dict object at 0xffe5a4074980&gt;('version', '')&#10; +    where &lt;built-in method get of dict object at 0xffe5a4074980&gt; = {'message': 'PentestAI Platform API', 'version': '1.4.0'}.get&#10; +      where {'message': 'PentestAI Platform API', 'version': '1.4.0'} = json()&#10; +        where json = &lt;Response [200]&gt;.json">backend/tests/test_v13_features.py:62: in test_root
    assert "1.3" in r.json().get("version", "")
E   AssertionError: assert '1.3' in '1.4.0'
E    +  where '1.4.0' = &lt;built-in method get of dict object at 0xffe5a4074980&gt;('version', '')
E    +    where &lt;built-in method get of dict object at 0xffe5a4074980&gt; = {'message': 'PentestAI Platform API', 'version': '1.4.0'}.get
E    +      where {'message': 'PentestAI Platform API', 'version': '1.4.0'} = json()
E    +        where json = &lt;Response [200]&gt;.json</failure></testcase><testcase classname="backend.tests.test_v13_features.TestRouterSplitRegression" name="test_auth_me" time="0.405" /><testcase classname="backend.tests.test_v13_features.TestRouterSplitRegression" name="test_dashboard_stats" time="0.075" /><testcase classname="backend.tests.test_v13_features.TestRouterSplitRegression" name="test_shodan_status" time="0.076" /><testcase classname="backend.tests.test_v13_features.TestRouterSplitRegression" name="test_chat_endpoint_alive" time="3.182" /><testcase classname="backend.tests.test_v13_features.TestRouterSplitRegression" name="test_reports_list" time="0.078" /><testcase classname="backend.tests.test_v13_features.TestCancel" name="test_cancel_running_scan" time="3.214" /><testcase classname="backend.tests.test_v13_features.TestCancel" name="test_cancel_completed_returns_400" time="2.289" /><testcase classname="backend.tests.test_v13_features.TestCancel" name="test_cancel_unknown_scan_404" time="0.075" /><testcase classname="backend.tests.test_v13_features.TestCancel" name="test_cancel_other_user_404" time="0.502" /><testcase classname="backend.tests.test_v13_features.TestAISummary" name="test_summary_lifecycle" time="4.747" /><testcase classname="backend.tests.test_v13_features.TestAISummary" name="test_summary_400_when_not_completed" time="0.209" /><testcase classname="backend.tests.test_v13_features.TestAISummary" name="test_summary_404_unknown" time="0.076" /><testcase classname="backend.tests.test_v13_features" name="test_janitor_reaps_orphaned" time="0.194" /><testcase classname="backend.tests.test_v14_features" name="test_root_returns_v14" time="0.163" /><testcase classname="backend.tests.test_v14_features" name="test_presets_endpoint_requires_auth" time="0.144" /><testcase classname="backend.tests.test_v14_features" name="test_presets_endpoint_structure" time="0.514" /><testcase classname="backend.tests.test_v14_features" name="test_scan_no_preset_defaults_to_fast" time="0.292" /><testcase classname="backend.tests.test_v14_features" name="test_scan_preset_fast_recon_scanme" time="2.382" /><testcase classname="backend.tests.test_v14_features" name="test_scan_preset_thorough_recon_accepted" time="2.391" /><testcase classname="backend.tests.test_v14_features" name="test_ai_summary_has_model_and_generated_at" time="6.947" /><testcase classname="backend.tests.test_v14_features" name="test_nvd_service_enrich_and_cache" time="0.004"><failure message="RuntimeError: Event loop is closed">backend/tests/test_v14_features.py:160: in test_nvd_service_enrich_and_cache
    findings1, fresh_time, findings2, cached_time = asyncio.run(_run_both())
                                                    ^^^^^^^^^^^^^^^^^^^^^^^^
/usr/local/lib/python3.11/asyncio/runners.py:190: in run
    return runner.run(main)
           ^^^^^^^^^^^^^^^^
/usr/local/lib/python3.11/asyncio/runners.py:118: in run
    return self._loop.run_until_complete(task)
           ^^^^^^^^^^^^^^^^^^^^^^^^^^^^^^^^^^^
/usr/local/lib/python3.11/asyncio/base_events.py:654: in run_until_complete
    return future.result()
           ^^^^^^^^^^^^^^^
backend/tests/test_v14_features.py:153: in _run_both
    f1 = await nvd_service.enrich_ports(ports)
         ^^^^^^^^^^^^^^^^^^^^^^^^^^^^^^^^^^^^^
backend/services/nvd_service.py:51: in enrich_ports
    cves = await _lookup_cves(kw)
           ^^^^^^^^^^^^^^^^^^^^^^
backend/services/nvd_service.py:67: in _lookup_cves
    cached = await db.cve_cache.find_one({"keyword": keyword.lower()}, {"_id": 0})
                   ^^^^^^^^^^^^^^^^^^^^^^^^^^^^^^^^^^^^^^^^^^^^^^^^^^^^^^^^^^^^^^^
/root/.venv/lib/python3.11/site-packages/motor/metaprogramming.py:74: in method
    return framework.run_on_executor(
/root/.venv/lib/python3.11/site-packages/motor/frameworks/asyncio/__init__.py:85: in run_on_executor
    return loop.run_in_executor(_EXECUTOR, functools.partial(fn, *args, **kwargs))
           ^^^^^^^^^^^^^^^^^^^^^^^^^^^^^^^^^^^^^^^^^^^^^^^^^^^^^^^^^^^^^^^^^^^^^^^
/usr/local/lib/python3.11/asyncio/base_events.py:817: in run_in_executor
    self._check_closed()
/usr/local/lib/python3.11/asyncio/base_events.py:520: in _check_closed
    raise RuntimeError('Event loop is closed')
E   RuntimeError: Event loop is closed</failure></testcase><testcase classname="backend.tests.test_v14_features" name="test_backend_healthy_after_lifespan_migration" time="0.456" /></testsuite></testsuites>