<?xml version="1.0" encoding="utf-8"?><testsuites name="pytest tests"><testsuite name="pytest" errors="0" failures="0" skipped="0" tests="20" time="126.154" timestamp="2026-05-06T02:56:52.461175+00:00" hostname="agent-env-5836a784-6316-4ad5-8886-38c4a5e6cecd"><testcase classname="backend.tests.backend_test.TestAuth" name="test_root_api" time="0.201" /><testcase classname="backend.tests.backend_test.TestAuth" name="test_register_duplicate" time="0.347" /><testcase classname="backend.tests.backend_test.TestAuth" name="test_login_success" time="0.278" /><testcase classname="backend.tests.backend_test.TestAuth" name="test_login_invalid" time="0.279" /><testcase classname="backend.tests.backend_test.TestAuth" name="test_get_me" time="0.064" /><testcase classname="backend.tests.backend_test.TestMFA" name="test_mfa_status_initially_disabled" time="0.055" /><testcase classname="backend.tests.backend_test.TestMFA" name="test_mfa_setup" time="0.071" /><testcase classname="backend.tests.backend_test.TestMFA" name="test_mfa_enable_invalid" time="0.056" /><testcase classname="backend.tests.backend_test.TestMFA" name="test_mfa_enable_valid" time="0.058" /><testcase classname="backend.tests.backend_test.TestMFA" name="test_login_now_requires_mfa" time="0.276" /><testcase classname="backend.tests.backend_test.TestMFA" name="test_login_mfa_invalid_code" time="0.050" /><testcase classname="backend.tests.backend_test.TestMFA" name="test_login_mfa_valid" time="0.340" /><testcase classname="backend.tests.backend_test.TestMFA" name="test_mfa_disable" time="1.106" /><testcase classname="backend.tests.backend_test.TestReconScan" name="test_recon_scan_nmap" time="3.187" /><testcase classname="backend.tests.backend_test.TestShodan" name="test_shodan_status_unconfigured" time="0.054" /><testcase classname="backend.tests.backend_test.TestShodan" name="test_shodan_lookup_unconfigured" time="0.053" /><testcase classname="backend.tests.backend_test.TestReports" name="test_create_scan_for_report" time="119.418" /><testcase classname="backend.tests.backend_test.TestReports" name="test_generate_report" time="0.060" /><testcase classname="backend.tests.backend_test.TestReports" name="test_pdf_download" time="0.064" /><testcase classname="backend.tests.backend_test.TestReports" name="test_list_reports" time="0.056" /></testsuite></testsuites>