<?xml version="1.0" encoding="utf-8"?><testsuites name="pytest tests"><testsuite name="pytest" errors="0" failures="1" skipped="0" tests="21" time="11.343" timestamp="2026-09-10T05:11:25.904730+00:00" hostname="agent-env-66e1d9b6-38b6-4a45-98e1-2077d76756fc"><testcase classname="backend.tests.test_new_features.TestBulkScans" name="test_create_bulk_scan_with_targets" time="0.548" /><testcase classname="backend.tests.test_new_features.TestBulkScans" name="test_create_bulk_scan_cidr" time="0.484" /><testcase classname="backend.tests.test_new_features.TestBulkScans" name="test_bulk_scan_cidr_too_large" time="1.510" /><testcase classname="backend.tests.test_new_features.TestBulkScans" name="test_bulk_scan_no_targets" time="0.067" /><testcase classname="backend.tests.test_new_features.TestBulkScans" name="test_list_bulk_scans" time="0.073" /><testcase classname="backend.tests.test_new_features.TestBulkScans" name="test_get_bulk_scan_and_wait_complete" time="6.509" /><testcase classname="backend.tests.test_new_features.TestBulkScans" name="test_get_bulk_scan_not_found" time="0.075" /><testcase classname="backend.tests.test_new_features.TestScheduledScans" name="test_create_scheduled_scan_daily" time="0.068" /><testcase classname="backend.tests.test_new_features.TestScheduledScans" name="test_create_scheduled_scan_weekly" time="0.072" /><testcase classname="backend.tests.test_new_features.TestScheduledScans" name="test_create_scheduled_scan_monthly" time="0.074" /><testcase classname="backend.tests.test_new_features.TestScheduledScans" name="test_invalid_schedule_time" time="0.069" /><testcase classname="backend.tests.test_new_features.TestScheduledScans" name="test_invalid_schedule_type" time="0.066" /><testcase classname="backend.tests.test_new_features.TestScheduledScans" name="test_invalid_target" time="0.079" /><testcase classname="backend.tests.test_new_features.TestScheduledScans" name="test_list_scheduled_scans" time="0.068" /><testcase classname="backend.tests.test_new_features.TestScheduledScans" name="test_toggle_scheduled_scan" time="0.144" /><testcase classname="backend.tests.test_new_features.TestScheduledScans" name="test_manual_trigger" time="0.546" /><testcase classname="backend.tests.test_new_features.TestScheduledScans" name="test_delete_scheduled_scans" time="0.268" /><testcase classname="backend.tests.test_new_features.TestCVE" name="test_cve_lookup_log4shell" time="0.071" /><testcase classname="backend.tests.test_new_features.TestCVE" name="test_cve_cache_faster" time="0.134" /><testcase classname="backend.tests.test_new_features.TestCVE" name="test_cve_invalid_format" time="0.069" /><testcase classname="backend.tests.test_new_features.TestCVE" name="test_cve_not_found" time="0.255"><failure message="assert 500 in (404, 502)&#10; +  where 500 = &lt;Response [500]&gt;.status_code">backend/tests/test_new_features.py:245: in test_cve_not_found
    assert r.status_code in (404, 502)
E   assert 500 in (404, 502)
E    +  where 500 = &lt;Response [500]&gt;.status_code</failure></testcase></testsuite></testsuites>