<?xml version="1.0" encoding="utf-8"?><testsuites name="pytest tests"><testsuite name="pytest" errors="0" failures="0" skipped="0" tests="19" time="10.396" timestamp="2026-09-10T04:48:16.674664+00:00" hostname="agent-env-66e1d9b6-38b6-4a45-98e1-2077d76756fc"><testcase classname="backend.tests.backend_test.TestAuth" name="test_root" time="0.281" /><testcase classname="backend.tests.backend_test.TestAuth" name="test_register_duplicate" time="0.375" /><testcase classname="backend.tests.backend_test.TestAuth" name="test_login_success" time="0.289" /><testcase classname="backend.tests.backend_test.TestAuth" name="test_login_invalid" time="0.312" /><testcase classname="backend.tests.backend_test.TestAuth" name="test_me" time="0.071" /><testcase classname="backend.tests.backend_test.TestAuth" name="test_me_no_token" time="0.068" /><testcase classname="backend.tests.backend_test.TestScans" name="test_invalid_target" time="0.069" /><testcase classname="backend.tests.backend_test.TestScans" name="test_recon_scan_google" time="2.628" /><testcase classname="backend.tests.backend_test.TestScans" name="test_vuln_scan" time="2.360" /><testcase classname="backend.tests.backend_test.TestScans" name="test_network_scan" time="0.072" /><testcase classname="backend.tests.backend_test.TestScans" name="test_list_scans" time="0.072" /><testcase classname="backend.tests.backend_test.TestScans" name="test_get_scan" time="0.073" /><testcase classname="backend.tests.backend_test.TestScans" name="test_get_scan_not_found" time="0.073" /><testcase classname="backend.tests.backend_test.TestDashboard" name="test_stats" time="0.075" /><testcase classname="backend.tests.backend_test.TestDashboard" name="test_vuln_trends" time="0.069" /><testcase classname="backend.tests.backend_test.TestReports" name="test_generate_and_list" time="0.168" /><testcase classname="backend.tests.backend_test.TestAIChat" name="test_chat" time="1.835" /><testcase classname="backend.tests.backend_test.TestAIChat" name="test_chat_history" time="1.070" /><testcase classname="backend.tests.backend_test.TestZCleanup" name="test_delete_scans" time="0.203" /></testsuite></testsuites>
