<?xml version="1.0" encoding="utf-8"?><testsuites name="pytest tests"><testsuite name="pytest" errors="0" failures="0" skipped="0" tests="25" time="229.392" timestamp="2026-05-06T03:16:43.028837+00:00" hostname="agent-env-5836a784-6316-4ad5-8886-38c4a5e6cecd"><testcase classname="tests.backend_test.TestAuth" name="test_root_api" time="0.719" /><testcase classname="tests.backend_test.TestAuth" name="test_register_duplicate" time="0.728" /><testcase classname="tests.backend_test.TestAuth" name="test_login_success" time="0.513" /><testcase classname="tests.backend_test.TestAuth" name="test_login_invalid" time="0.432" /><testcase classname="tests.backend_test.TestAuth" name="test_get_me" time="0.217" /><testcase classname="tests.backend_test.TestMFA" name="test_mfa_status_initially_disabled" time="0.236" /><testcase classname="tests.backend_test.TestMFA" name="test_mfa_setup" time="0.271" /><testcase classname="tests.backend_test.TestMFA" name="test_mfa_enable_invalid" time="0.236" /><testcase classname="tests.backend_test.TestMFA" name="test_mfa_enable_valid" time="0.254" /><testcase classname="tests.backend_test.TestMFA" name="test_login_now_requires_mfa" time="0.501" /><testcase classname="tests.backend_test.TestMFA" name="test_login_mfa_invalid_code" time="0.235" /><testcase classname="tests.backend_test.TestMFA" name="test_login_mfa_valid" time="0.680" /><testcase classname="tests.backend_test.TestMFA" name="test_mfa_disable" time="1.535" /><testcase classname="tests.backend_test.TestReconScan" name="test_recon_scan_nmap" time="0.401" /><testcase classname="tests.backend_test.TestShodan" name="test_shodan_status_unconfigured" time="0.185" /><testcase classname="tests.backend_test.TestShodan" name="test_shodan_lookup_unconfigured" time="0.208" /><testcase classname="tests.backend_test.TestReports" name="test_create_scan_for_report" time="103.324" /><testcase classname="tests.backend_test.TestReports" name="test_generate_report" time="0.172" /><testcase classname="tests.backend_test.TestReports" name="test_pdf_download" time="0.177" /><testcase classname="tests.backend_test.TestReports" name="test_list_reports" time="0.155" /><testcase classname="tests.test_scans_v12.TestAsyncScanCreation" name="test_post_scans_returns_immediately" time="0.976" /><testcase classname="tests.test_scans_v12.TestVulnScan" name="test_vuln_scan_real_engine" time="103.495" /><testcase classname="tests.test_scans_v12.TestVulnScan" name="test_pdf_download_for_vuln_scan" time="1.107" /><testcase classname="tests.test_scans_v12.TestNetworkScan" name="test_network_scan_real_engine" time="9.383" /><testcase classname="tests.test_scans_v12.TestReconRegression" name="test_recon_scan_still_uses_nmap" time="3.188" /></testsuite></testsuites>