<?xml version="1.0" encoding="utf-8"?><testsuites name="pytest tests"><testsuite name="pytest" errors="0" failures="0" skipped="0" tests="5" time="117.055" timestamp="2026-05-06T02:54:19.414152+00:00" hostname="agent-env-5836a784-6316-4ad5-8886-38c4a5e6cecd"><testcase classname="backend.tests.test_scans_v12.TestAsyncScanCreation" name="test_post_scans_returns_immediately" time="0.474" /><testcase classname="backend.tests.test_scans_v12.TestVulnScan" name="test_vuln_scan_real_engine" time="103.985" /><testcase classname="backend.tests.test_scans_v12.TestVulnScan" name="test_pdf_download_for_vuln_scan" time="0.113" /><testcase classname="backend.tests.test_scans_v12.TestNetworkScan" name="test_network_scan_real_engine" time="9.270" /><testcase classname="backend.tests.test_scans_v12.TestReconRegression" name="test_recon_scan_still_uses_nmap" time="3.159" /></testsuite></testsuites>