<?xml version="1.0" encoding="utf-8"?><testsuites name="pytest tests"><testsuite name="pytest" errors="0" failures="0" skipped="0" tests="14" time="15.386" timestamp="2026-05-06T03:16:22.484776+00:00" hostname="agent-env-5836a784-6316-4ad5-8886-38c4a5e6cecd"><testcase classname="tests.test_v13_features.TestRouterSplitRegression" name="test_root" time="0.185" /><testcase classname="tests.test_v13_features.TestRouterSplitRegression" name="test_auth_me" time="0.411" /><testcase classname="tests.test_v13_features.TestRouterSplitRegression" name="test_dashboard_stats" time="0.080" /><testcase classname="tests.test_v13_features.TestRouterSplitRegression" name="test_shodan_status" time="0.077" /><testcase classname="tests.test_v13_features.TestRouterSplitRegression" name="test_chat_endpoint_alive" time="2.841" /><testcase classname="tests.test_v13_features.TestRouterSplitRegression" name="test_reports_list" time="0.081" /><testcase classname="tests.test_v13_features.TestCancel" name="test_cancel_running_scan" time="3.369" /><testcase classname="tests.test_v13_features.TestCancel" name="test_cancel_completed_returns_400" time="0.697" /><testcase classname="tests.test_v13_features.TestCancel" name="test_cancel_unknown_scan_404" time="0.137" /><testcase classname="tests.test_v13_features.TestCancel" name="test_cancel_other_user_404" time="0.878" /><testcase classname="tests.test_v13_features.TestAISummary" name="test_summary_lifecycle" time="5.189" /><testcase classname="tests.test_v13_features.TestAISummary" name="test_summary_400_when_not_completed" time="0.906" /><testcase classname="tests.test_v13_features.TestAISummary" name="test_summary_404_unknown" time="0.221" /><testcase classname="tests.test_v13_features" name="test_janitor_reaps_orphaned" time="0.188" /></testsuite></testsuites>