<?xml version="1.0" encoding="utf-8"?><testsuites name="pytest tests"><testsuite name="pytest" errors="0" failures="0" skipped="0" tests="17" time="7.685" timestamp="2026-06-13T02:53:37.817262+00:00" hostname="agent-env-5836a784-6316-4ad5-8886-38c4a5e6cecd"><testcase classname="backend.tests.test_v14_distros" name="test_root_version_is_1_4" time="0.187" /><testcase classname="backend.tests.test_v14_distros" name="test_distros_requires_auth" time="0.138" /><testcase classname="backend.tests.test_v14_distros" name="test_distros_list_shape" time="0.429" /><testcase classname="backend.tests.test_v14_distros" name="test_distros_get_by_id[deft]" time="0.109" /><testcase classname="backend.tests.test_v14_distros" name="test_distros_get_by_id[backbox]" time="0.099" /><testcase classname="backend.tests.test_v14_distros" name="test_distros_get_by_id[kodachi]" time="0.109" /><testcase classname="backend.tests.test_v14_distros" name="test_distros_get_by_id[pentoo]" time="0.107" /><testcase classname="backend.tests.test_v14_distros" name="test_distros_get_unknown_404" time="0.098" /><testcase classname="backend.tests.test_v14_distros" name="test_distros_recommend[recon-expected0]" time="0.101" /><testcase classname="backend.tests.test_v14_distros" name="test_distros_recommend[vuln-expected1]" time="0.121" /><testcase classname="backend.tests.test_v14_distros" name="test_distros_recommend[network-expected2]" time="0.100" /><testcase classname="backend.tests.test_v14_distros" name="test_distros_recommend[forensics-expected3]" time="0.100" /><testcase classname="backend.tests.test_v14_distros" name="test_distros_recommend[incident_response-expected4]" time="0.096" /><testcase classname="backend.tests.test_v14_distros" name="test_distros_recommend_unknown" time="0.100" /><testcase classname="backend.tests.test_v14_distros" name="test_completed_scan_has_recommended_distros" time="0.204" /><testcase classname="backend.tests.test_v14_distros" name="test_chat_mentions_deft_for_forensics" time="5.532" /><testcase classname="backend.tests.test_v14_distros" name="test_vuln_preset_nmap_args_differ" time="0.001" /></testsuite></testsuites>