<?xml version="1.0" encoding="utf-8"?><testsuites name="pytest tests"><testsuite name="pytest" errors="0" failures="0" skipped="0" tests="26" time="23.131" timestamp="2026-06-13T03:22:14.376360+00:00" hostname="agent-env-5836a784-6316-4ad5-8886-38c4a5e6cecd"><testcase classname="backend.tests.test_v14_distros" name="test_root_version_is_1_4" time="0.161" /><testcase classname="backend.tests.test_v14_distros" name="test_distros_requires_auth" time="0.100" /><testcase classname="backend.tests.test_v14_distros" name="test_distros_list_shape" time="0.430" /><testcase classname="backend.tests.test_v14_distros" name="test_distros_get_by_id[deft]" time="0.123" /><testcase classname="backend.tests.test_v14_distros" name="test_distros_get_by_id[backbox]" time="0.100" /><testcase classname="backend.tests.test_v14_distros" name="test_distros_get_by_id[kodachi]" time="0.099" /><testcase classname="backend.tests.test_v14_distros" name="test_distros_get_by_id[pentoo]" time="0.098" /><testcase classname="backend.tests.test_v14_distros" name="test_distros_get_unknown_404" time="0.106" /><testcase classname="backend.tests.test_v14_distros" name="test_distros_recommend[recon-expected0]" time="0.101" /><testcase classname="backend.tests.test_v14_distros" name="test_distros_recommend[vuln-expected1]" time="0.118" /><testcase classname="backend.tests.test_v14_distros" name="test_distros_recommend[network-expected2]" time="0.103" /><testcase classname="backend.tests.test_v14_distros" name="test_distros_recommend[forensics-expected3]" time="0.095" /><testcase classname="backend.tests.test_v14_distros" name="test_distros_recommend[incident_response-expected4]" time="0.094" /><testcase classname="backend.tests.test_v14_distros" name="test_distros_recommend_unknown" time="0.114" /><testcase classname="backend.tests.test_v14_distros" name="test_completed_scan_has_recommended_distros" time="2.335" /><testcase classname="backend.tests.test_v14_distros" name="test_chat_mentions_deft_for_forensics" time="2.862" /><testcase classname="backend.tests.test_v14_distros" name="test_vuln_preset_nmap_args_differ" time="0.001" /><testcase classname="backend.tests.test_v14_features" name="test_root_returns_v14" time="0.111" /><testcase classname="backend.tests.test_v14_features" name="test_presets_endpoint_requires_auth" time="0.111" /><testcase classname="backend.tests.test_v14_features" name="test_presets_endpoint_structure" time="0.425" /><testcase classname="backend.tests.test_v14_features" name="test_scan_no_preset_defaults_to_fast" time="2.306" /><testcase classname="backend.tests.test_v14_features" name="test_scan_preset_fast_recon_scanme" time="2.319" /><testcase classname="backend.tests.test_v14_features" name="test_scan_preset_thorough_recon_accepted" time="2.300" /><testcase classname="backend.tests.test_v14_features" name="test_ai_summary_has_model_and_generated_at" time="7.719" /><testcase classname="backend.tests.test_v14_features" name="test_nvd_service_enrich_and_cache" time="0.205" /><testcase classname="backend.tests.test_v14_features" name="test_backend_healthy_after_lifespan_migration" time="0.454" /></testsuite></testsuites>