<?xml version="1.0" encoding="utf-8"?><testsuites name="pytest tests"><testsuite name="pytest" errors="0" failures="0" skipped="0" tests="9" time="155.268" timestamp="2026-06-13T03:13:46.882816+00:00" hostname="agent-env-5836a784-6316-4ad5-8886-38c4a5e6cecd"><testcase classname="backend.tests.test_v15_features" name="test_root_version_150" time="0.160" /><testcase classname="backend.tests.test_v15_features" name="test_nmap_available_is_runtime_function" time="0.082" /><testcase classname="backend.tests.test_v15_features" name="test_scan_sarif_endpoint" time="72.391" /><testcase classname="backend.tests.test_v15_features" name="test_scan_sarif_requires_completed" time="0.302" /><testcase classname="backend.tests.test_v15_features" name="test_scan_sarif_requires_auth" time="3.424" /><testcase classname="backend.tests.test_v15_features" name="test_report_sarif_endpoint" time="75.517" /><testcase classname="backend.tests.test_v15_features" name="test_sarif_severity_mapping" time="0.001" /><testcase classname="backend.tests.test_v15_features" name="test_sarif_rules_dedup_by_id" time="0.000" /><testcase classname="backend.tests.test_v15_features" name="test_recon_uses_nmap_engine_when_installed" time="3.309" /></testsuite></testsuites>