<?xml version="1.0" encoding="utf-8"?><testsuites name="pytest tests"><testsuite name="pytest" errors="0" failures="1" skipped="0" tests="40" time="242.403" timestamp="2026-06-13T03:16:28.458802+00:00" hostname="agent-env-5836a784-6316-4ad5-8886-38c4a5e6cecd"><testcase classname="backend.tests.backend_test.TestAuth" name="test_root_api" time="0.153" /><testcase classname="backend.tests.backend_test.TestAuth" name="test_register_duplicate" time="0.318" /><testcase classname="backend.tests.backend_test.TestAuth" name="test_login_success" time="0.272" /><testcase classname="backend.tests.backend_test.TestAuth" name="test_login_invalid" time="0.266" /><testcase classname="backend.tests.backend_test.TestAuth" name="test_get_me" time="0.045" /><testcase classname="backend.tests.backend_test.TestMFA" name="test_mfa_status_initially_disabled" time="0.054" /><testcase classname="backend.tests.backend_test.TestMFA" name="test_mfa_setup" time="0.068" /><testcase classname="backend.tests.backend_test.TestMFA" name="test_mfa_enable_invalid" time="0.045" /><testcase classname="backend.tests.backend_test.TestMFA" name="test_mfa_enable_valid" time="0.048" /><testcase classname="backend.tests.backend_test.TestMFA" name="test_login_now_requires_mfa" time="0.268" /><testcase classname="backend.tests.backend_test.TestMFA" name="test_login_mfa_invalid_code" time="0.045" /><testcase classname="backend.tests.backend_test.TestMFA" name="test_login_mfa_valid" time="0.318" /><testcase classname="backend.tests.backend_test.TestMFA" name="test_mfa_disable" time="1.097" /><testcase classname="backend.tests.backend_test.TestReconScan" name="test_recon_scan_nmap" time="3.137" /><testcase classname="backend.tests.backend_test.TestShodan" name="test_shodan_status_unconfigured" time="0.044" /><testcase classname="backend.tests.backend_test.TestShodan" name="test_shodan_lookup_unconfigured" time="0.056" /><testcase classname="backend.tests.backend_test.TestReports" name="test_create_scan_for_report" time="103.865" /><testcase classname="backend.tests.backend_test.TestReports" name="test_generate_report" time="0.049" /><testcase classname="backend.tests.backend_test.TestReports" name="test_pdf_download" time="0.052" /><testcase classname="backend.tests.backend_test.TestReports" name="test_list_reports" time="0.044" /><testcase classname="backend.tests.test_scans_v12.TestAsyncScanCreation" name="test_post_scans_returns_immediately" time="30.523" /><testcase classname="backend.tests.test_scans_v12.TestVulnScan" name="test_vuln_scan_real_engine" time="73.227" /><testcase classname="backend.tests.test_scans_v12.TestVulnScan" name="test_pdf_download_for_vuln_scan" time="0.098" /><testcase classname="backend.tests.test_scans_v12.TestNetworkScan" name="test_network_scan_real_engine" time="9.262" /><testcase classname="backend.tests.test_scans_v12.TestReconRegression" name="test_recon_scan_still_uses_nmap" time="3.148" /><testcase classname="backend.tests.test_v13_features.TestRouterSplitRegression" name="test_root" time="0.139" /><testcase classname="backend.tests.test_v13_features.TestRouterSplitRegression" name="test_auth_me" time="0.307" /><testcase classname="backend.tests.test_v13_features.TestRouterSplitRegression" name="test_dashboard_stats" time="0.054" /><testcase classname="backend.tests.test_v13_features.TestRouterSplitRegression" name="test_shodan_status" time="0.043" /><testcase classname="backend.tests.test_v13_features.TestRouterSplitRegression" name="test_chat_endpoint_alive" time="3.683" /><testcase classname="backend.tests.test_v13_features.TestRouterSplitRegression" name="test_reports_list" time="0.047" /><testcase classname="backend.tests.test_v13_features.TestCancel" name="test_cancel_running_scan" time="3.143" /><testcase classname="backend.tests.test_v13_features.TestCancel" name="test_cancel_completed_returns_400" time="2.184" /><testcase classname="backend.tests.test_v13_features.TestCancel" name="test_cancel_unknown_scan_404" time="0.051" /><testcase classname="backend.tests.test_v13_features.TestCancel" name="test_cancel_other_user_404" time="0.407" /><testcase classname="backend.tests.test_v13_features.TestAISummary" name="test_summary_lifecycle" time="5.120" /><testcase classname="backend.tests.test_v13_features.TestAISummary" name="test_summary_400_when_not_completed" time="0.135" /><testcase classname="backend.tests.test_v13_features.TestAISummary" name="test_summary_404_unknown" time="0.046" /><testcase classname="backend.tests.test_v13_features" name="test_janitor_reaps_orphaned" time="0.247" /><testcase classname="backend.tests.test_v14_distros" name="test_root_version_is_1_4" time="0.138"><failure message="AssertionError: assert '1.5.0' == '1.4.0'&#10;  &#10;  - 1.4.0&#10;  ?   ^&#10;  + 1.5.0&#10;  ?   ^">E   AssertionError: assert '1.5.0' == '1.4.0'
      
      - 1.4.0
      ?   ^
      + 1.5.0
      ?   ^</failure></testcase></testsuite></testsuites>