<?xml version="1.0" encoding="utf-8"?><testsuites name="pytest tests"><testsuite name="pytest" errors="0" failures="0" skipped="0" tests="85" time="318.695" timestamp="2026-06-13T03:33:38.196954+00:00" hostname="agent-env-5836a784-6316-4ad5-8886-38c4a5e6cecd"><testcase classname="backend.tests.backend_test.TestAuth" name="test_root_api" time="0.123" /><testcase classname="backend.tests.backend_test.TestAuth" name="test_register_duplicate" time="0.317" /><testcase classname="backend.tests.backend_test.TestAuth" name="test_login_success" time="0.269" /><testcase classname="backend.tests.backend_test.TestAuth" name="test_login_invalid" time="0.281" /><testcase classname="backend.tests.backend_test.TestAuth" name="test_get_me" time="0.049" /><testcase classname="backend.tests.backend_test.TestMFA" name="test_mfa_status_initially_disabled" time="0.054" /><testcase classname="backend.tests.backend_test.TestMFA" name="test_mfa_setup" time="0.065" /><testcase classname="backend.tests.backend_test.TestMFA" name="test_mfa_enable_invalid" time="0.050" /><testcase classname="backend.tests.backend_test.TestMFA" name="test_mfa_enable_valid" time="0.052" /><testcase classname="backend.tests.backend_test.TestMFA" name="test_login_now_requires_mfa" time="0.271" /><testcase classname="backend.tests.backend_test.TestMFA" name="test_login_mfa_invalid_code" time="0.046" /><testcase classname="backend.tests.backend_test.TestMFA" name="test_login_mfa_valid" time="0.321" /><testcase classname="backend.tests.backend_test.TestMFA" name="test_mfa_disable" time="1.098" /><testcase classname="backend.tests.backend_test.TestReconScan" name="test_recon_scan_nmap" time="3.150" /><testcase classname="backend.tests.backend_test.TestShodan" name="test_shodan_status_unconfigured" time="0.051" /><testcase classname="backend.tests.backend_test.TestShodan" name="test_shodan_lookup_unconfigured" time="0.045" /><testcase classname="backend.tests.backend_test.TestReports" name="test_create_scan_for_report" time="82.415" /><testcase classname="backend.tests.backend_test.TestReports" name="test_generate_report" time="0.049" /><testcase classname="backend.tests.backend_test.TestReports" name="test_pdf_download" time="0.055" /><testcase classname="backend.tests.backend_test.TestReports" name="test_list_reports" time="0.047" /><testcase classname="backend.tests.test_scans_v12.TestAsyncScanCreation" name="test_post_scans_returns_immediately" time="0.458" /><testcase classname="backend.tests.test_scans_v12.TestVulnScan" name="test_vuln_scan_real_engine" time="73.310" /><testcase classname="backend.tests.test_scans_v12.TestVulnScan" name="test_pdf_download_for_vuln_scan" time="0.108" /><testcase classname="backend.tests.test_scans_v12.TestNetworkScan" name="test_network_scan_real_engine" time="9.244" /><testcase classname="backend.tests.test_scans_v12.TestReconRegression" name="test_recon_scan_still_uses_nmap" time="3.143" /><testcase classname="backend.tests.test_v13_features.TestRouterSplitRegression" name="test_root" time="0.146" /><testcase classname="backend.tests.test_v13_features.TestRouterSplitRegression" name="test_auth_me" time="0.315" /><testcase classname="backend.tests.test_v13_features.TestRouterSplitRegression" name="test_dashboard_stats" time="0.050" /><testcase classname="backend.tests.test_v13_features.TestRouterSplitRegression" name="test_shodan_status" time="0.044" /><testcase classname="backend.tests.test_v13_features.TestRouterSplitRegression" name="test_chat_endpoint_alive" time="3.690" /><testcase classname="backend.tests.test_v13_features.TestRouterSplitRegression" name="test_reports_list" time="0.044" /><testcase classname="backend.tests.test_v13_features.TestCancel" name="test_cancel_running_scan" time="3.135" /><testcase classname="backend.tests.test_v13_features.TestCancel" name="test_cancel_completed_returns_400" time="2.178" /><testcase classname="backend.tests.test_v13_features.TestCancel" name="test_cancel_unknown_scan_404" time="0.044" /><testcase classname="backend.tests.test_v13_features.TestCancel" name="test_cancel_other_user_404" time="0.401" /><testcase classname="backend.tests.test_v13_features.TestAISummary" name="test_summary_lifecycle" time="8.032" /><testcase classname="backend.tests.test_v13_features.TestAISummary" name="test_summary_400_when_not_completed" time="0.257" /><testcase classname="backend.tests.test_v13_features.TestAISummary" name="test_summary_404_unknown" time="0.049" /><testcase classname="backend.tests.test_v13_features" name="test_janitor_reaps_orphaned" time="0.205" /><testcase classname="backend.tests.test_v14_distros" name="test_root_version_is_1_4" time="0.131" /><testcase classname="backend.tests.test_v14_distros" name="test_distros_requires_auth" time="0.113" /><testcase classname="backend.tests.test_v14_distros" name="test_distros_list_shape" time="0.440" /><testcase classname="backend.tests.test_v14_distros" name="test_distros_get_by_id[deft]" time="0.135" /><testcase classname="backend.tests.test_v14_distros" name="test_distros_get_by_id[backbox]" time="0.109" /><testcase classname="backend.tests.test_v14_distros" name="test_distros_get_by_id[kodachi]" time="0.110" /><testcase classname="backend.tests.test_v14_distros" name="test_distros_get_by_id[pentoo]" time="0.102" /><testcase classname="backend.tests.test_v14_distros" name="test_distros_get_unknown_404" time="0.139" /><testcase classname="backend.tests.test_v14_distros" name="test_distros_recommend[recon-expected0]" time="0.101" /><testcase classname="backend.tests.test_v14_distros" name="test_distros_recommend[vuln-expected1]" time="0.098" /><testcase classname="backend.tests.test_v14_distros" name="test_distros_recommend[network-expected2]" time="0.118" /><testcase classname="backend.tests.test_v14_distros" name="test_distros_recommend[forensics-expected3]" time="0.124" /><testcase classname="backend.tests.test_v14_distros" name="test_distros_recommend[incident_response-expected4]" time="0.101" /><testcase classname="backend.tests.test_v14_distros" name="test_distros_recommend_unknown" time="0.125" /><testcase classname="backend.tests.test_v14_distros" name="test_completed_scan_has_recommended_distros" time="2.322" /><testcase classname="backend.tests.test_v14_distros" name="test_chat_mentions_deft_for_forensics" time="8.195" /><testcase classname="backend.tests.test_v14_distros" name="test_vuln_preset_nmap_args_differ" time="0.000" /><testcase classname="backend.tests.test_v14_features" name="test_root_returns_v14" time="0.152" /><testcase classname="backend.tests.test_v14_features" name="test_presets_endpoint_requires_auth" time="0.113" /><testcase classname="backend.tests.test_v14_features" name="test_presets_endpoint_structure" time="0.454" /><testcase classname="backend.tests.test_v14_features" name="test_scan_no_preset_defaults_to_fast" time="2.318" /><testcase classname="backend.tests.test_v14_features" name="test_scan_preset_fast_recon_scanme" time="2.327" /><testcase classname="backend.tests.test_v14_features" name="test_scan_preset_thorough_recon_accepted" time="2.306" /><testcase classname="backend.tests.test_v14_features" name="test_ai_summary_has_model_and_generated_at" time="6.595" /><testcase classname="backend.tests.test_v14_features" name="test_nvd_service_enrich_and_cache" time="0.210" /><testcase classname="backend.tests.test_v14_features" name="test_backend_healthy_after_lifespan_migration" time="0.450" /><testcase classname="backend.tests.test_v15_features" name="test_root_version_150" time="0.106" /><testcase classname="backend.tests.test_v15_features" name="test_nmap_available_is_runtime_function" time="0.000" /><testcase classname="backend.tests.test_v15_features" name="test_scan_sarif_endpoint" time="25.635" /><testcase classname="backend.tests.test_v15_features" name="test_scan_sarif_requires_completed" time="0.347" /><testcase classname="backend.tests.test_v15_features" name="test_scan_sarif_requires_auth" time="3.412" /><testcase classname="backend.tests.test_v15_features" name="test_report_sarif_endpoint" time="63.186" /><testcase classname="backend.tests.test_v15_features" name="test_sarif_severity_mapping" time="0.001" /><testcase classname="backend.tests.test_v15_features" name="test_sarif_rules_dedup_by_id" time="0.000" /><testcase classname="backend.tests.test_v15_features" name="test_recon_uses_nmap_engine_when_installed" time="3.316" /><testcase classname="backend.tests.test_v16_launch" name="test_launch_requires_auth" time="0.104" /><testcase classname="backend.tests.test_v16_launch" name="test_launch_backbox" time="0.422" /><testcase classname="backend.tests.test_v16_launch" name="test_launch_pentoo" time="0.109" /><testcase classname="backend.tests.test_v16_launch" name="test_launch_deft" time="0.093" /><testcase classname="backend.tests.test_v16_launch" name="test_launch_kodachi" time="0.110" /><testcase classname="backend.tests.test_v16_launch" name="test_launch_unknown_distro_404" time="0.113" /><testcase classname="backend.tests.test_v16_launch" name="test_launch_target_shell_quote_escapes_single_quote" time="0.102" /><testcase classname="backend.tests.test_v16_launch" name="test_launch_empty_target_defaults" time="0.110" /><testcase classname="backend.tests.test_v16_launch" name="test_root_version" time="0.100" /><testcase classname="backend.tests.test_v16_launch" name="test_regression_distros_list" time="0.100" /><testcase classname="backend.tests.test_v16_launch" name="test_launch_filename_slug" time="0.098" /></testsuite></testsuites>