<?xml version="1.0" encoding="utf-8"?><testsuites name="pytest tests"><testsuite name="pytest" errors="0" failures="0" skipped="0" tests="11" time="1.859" timestamp="2026-06-13T03:33:31.794625+00:00" hostname="agent-env-5836a784-6316-4ad5-8886-38c4a5e6cecd"><testcase classname="backend.tests.test_v16_launch" name="test_launch_requires_auth" time="0.266" /><testcase classname="backend.tests.test_v16_launch" name="test_launch_backbox" time="0.437" /><testcase classname="backend.tests.test_v16_launch" name="test_launch_pentoo" time="0.269" /><testcase classname="backend.tests.test_v16_launch" name="test_launch_deft" time="0.129" /><testcase classname="backend.tests.test_v16_launch" name="test_launch_kodachi" time="0.103" /><testcase classname="backend.tests.test_v16_launch" name="test_launch_unknown_distro_404" time="0.110" /><testcase classname="backend.tests.test_v16_launch" name="test_launch_target_shell_quote_escapes_single_quote" time="0.098" /><testcase classname="backend.tests.test_v16_launch" name="test_launch_empty_target_defaults" time="0.092" /><testcase classname="backend.tests.test_v16_launch" name="test_root_version" time="0.097" /><testcase classname="backend.tests.test_v16_launch" name="test_regression_distros_list" time="0.099" /><testcase classname="backend.tests.test_v16_launch" name="test_launch_filename_slug" time="0.094" /></testsuite></testsuites>