<?xml version="1.0" encoding="utf-8"?><testsuites name="pytest tests"><testsuite name="pytest" errors="0" failures="0" skipped="0" tests="26" time="165.978" timestamp="2026-06-13T03:38:42.281995+00:00" hostname="agent-env-5836a784-6316-4ad5-8886-38c4a5e6cecd"><testcase classname="backend.tests.test_v15_features" name="test_root_version_150" time="0.098" /><testcase classname="backend.tests.test_v15_features" name="test_nmap_available_is_runtime_function" time="0.086" /><testcase classname="backend.tests.test_v15_features" name="test_scan_sarif_endpoint" time="72.396" /><testcase classname="backend.tests.test_v15_features" name="test_scan_sarif_requires_completed" time="0.301" /><testcase classname="backend.tests.test_v15_features" name="test_scan_sarif_requires_auth" time="3.410" /><testcase classname="backend.tests.test_v15_features" name="test_report_sarif_endpoint" time="75.437" /><testcase classname="backend.tests.test_v15_features" name="test_sarif_severity_mapping" time="0.001" /><testcase classname="backend.tests.test_v15_features" name="test_sarif_rules_dedup_by_id" time="0.000" /><testcase classname="backend.tests.test_v15_features" name="test_recon_uses_nmap_engine_when_installed" time="3.338" /><testcase classname="backend.tests.test_v14_distros" name="test_root_version_is_1_4" time="0.100" /><testcase classname="backend.tests.test_v14_distros" name="test_distros_requires_auth" time="0.094" /><testcase classname="backend.tests.test_v14_distros" name="test_distros_list_shape" time="0.423" /><testcase classname="backend.tests.test_v14_distros" name="test_distros_get_by_id[deft]" time="0.093" /><testcase classname="backend.tests.test_v14_distros" name="test_distros_get_by_id[backbox]" time="0.103" /><testcase classname="backend.tests.test_v14_distros" name="test_distros_get_by_id[kodachi]" time="0.096" /><testcase classname="backend.tests.test_v14_distros" name="test_distros_get_by_id[pentoo]" time="0.101" /><testcase classname="backend.tests.test_v14_distros" name="test_distros_get_unknown_404" time="0.108" /><testcase classname="backend.tests.test_v14_distros" name="test_distros_recommend[recon-expected0]" time="0.100" /><testcase classname="backend.tests.test_v14_distros" name="test_distros_recommend[vuln-expected1]" time="0.102" /><testcase classname="backend.tests.test_v14_distros" name="test_distros_recommend[network-expected2]" time="0.115" /><testcase classname="backend.tests.test_v14_distros" name="test_distros_recommend[forensics-expected3]" time="0.100" /><testcase classname="backend.tests.test_v14_distros" name="test_distros_recommend[incident_response-expected4]" time="0.119" /><testcase classname="backend.tests.test_v14_distros" name="test_distros_recommend_unknown" time="0.094" /><testcase classname="backend.tests.test_v14_distros" name="test_completed_scan_has_recommended_distros" time="2.327" /><testcase classname="backend.tests.test_v14_distros" name="test_chat_mentions_deft_for_forensics" time="6.752" /><testcase classname="backend.tests.test_v14_distros" name="test_vuln_preset_nmap_args_differ" time="0.001" /></testsuite></testsuites>