<?xml version="1.0" encoding="utf-8"?><testsuites name="pytest tests"><testsuite name="pytest" errors="0" failures="1" skipped="0" tests="11" time="16.103" timestamp="2026-07-11T23:24:02.440128+00:00" hostname="agent-env-5836a784-6316-4ad5-8886-38c4a5e6cecd"><testcase classname="backend.tests.test_v17_nmap_xml.TestNmapXmlDownload" name="test_recon_scan_produces_nmap_xml_in_results" time="0.794" /><testcase classname="backend.tests.test_v17_nmap_xml.TestNmapXmlDownload" name="test_download_endpoint_returns_xml" time="0.106"><failure message="assert (('attachment' in 'attachment; filename=&quot;pentestai-scan-eb8a0f0a-fad6-43d2-b40c-094a14ec6962.xml&quot;' and False) or False)&#10; +  where False = &lt;built-in method endswith of str object at 0xfb23c1865eb0&gt;('.xml&quot;')&#10; +    where &lt;built-in method endswith of str object at 0xfb23c1865eb0&gt; = 'attachment; filename=&quot;pentestai-scan-eb8a0f0a-fad6-43d2-b40c-094a14ec6962.xml'.endswith&#10; +      where 'attachment; filename=&quot;pentestai-scan-eb8a0f0a-fad6-43d2-b40c-094a14ec6962.xml' = &lt;built-in method rstrip of str object at 0xfb23c1866f30&gt;('&quot;')&#10; +        where &lt;built-in method rstrip of str object at 0xfb23c1866f30&gt; = 'attachment; filename=&quot;pentestai-scan-eb8a0f0a-fad6-43d2-b40c-094a14ec6962.xml&quot;'.rstrip&#10; +  and   False = &lt;built-in method endswith of str object at 0xfb23c1866f30&gt;('.xml')&#10; +    where &lt;built-in method endswith of str object at 0xfb23c1866f30&gt; = 'attachment; filename=&quot;pentestai-scan-eb8a0f0a-fad6-43d2-b40c-094a14ec6962.xml&quot;'.endswith">backend/tests/test_v17_nmap_xml.py:66: in test_download_endpoint_returns_xml
    assert "attachment" in cd and cd.rstrip('"').endswith('.xml"') or cd.endswith(".xml")
E   assert (('attachment' in 'attachment; filename="pentestai-scan-eb8a0f0a-fad6-43d2-b40c-094a14ec6962.xml"' and False) or False)
E    +  where False = &lt;built-in method endswith of str object at 0xfb23c1865eb0&gt;('.xml"')
E    +    where &lt;built-in method endswith of str object at 0xfb23c1865eb0&gt; = 'attachment; filename="pentestai-scan-eb8a0f0a-fad6-43d2-b40c-094a14ec6962.xml'.endswith
E    +      where 'attachment; filename="pentestai-scan-eb8a0f0a-fad6-43d2-b40c-094a14ec6962.xml' = &lt;built-in method rstrip of str object at 0xfb23c1866f30&gt;('"')
E    +        where &lt;built-in method rstrip of str object at 0xfb23c1866f30&gt; = 'attachment; filename="pentestai-scan-eb8a0f0a-fad6-43d2-b40c-094a14ec6962.xml"'.rstrip
E    +  and   False = &lt;built-in method endswith of str object at 0xfb23c1866f30&gt;('.xml')
E    +    where &lt;built-in method endswith of str object at 0xfb23c1866f30&gt; = 'attachment; filename="pentestai-scan-eb8a0f0a-fad6-43d2-b40c-094a14ec6962.xml"'.endswith</failure></testcase><testcase classname="backend.tests.test_v17_nmap_xml.TestNmapXmlDownload" name="test_download_endpoint_unknown_scan_404" time="0.139" /><testcase classname="backend.tests.test_v17_nmap_xml.TestNmapXmlDownload" name="test_download_endpoint_requires_auth" time="0.100" /><testcase classname="backend.tests.test_v17_nmap_xml.TestNmapXmlDownload" name="test_download_other_user_scan_404" time="0.432" /><testcase classname="backend.tests.test_v17_nmap_xml.TestRegression" name="test_dashboard_stats" time="0.110" /><testcase classname="backend.tests.test_v17_nmap_xml.TestRegression" name="test_list_scans" time="0.106" /><testcase classname="backend.tests.test_v17_nmap_xml.TestRegression" name="test_login_flow" time="0.738" /><testcase classname="backend.tests.test_v17_nmap_xml.TestRegression" name="test_sarif_export" time="0.147" /><testcase classname="backend.tests.test_v17_nmap_xml.TestRegression" name="test_vuln_scan_produces_nmap_xml" time="11.011" /><testcase classname="backend.tests.test_v17_nmap_xml.TestRegression" name="test_network_scan_produces_nmap_xml" time="2.328" /></testsuite></testsuites>