<?xml version="1.0" encoding="utf-8"?><testsuites name="pytest tests"><testsuite name="pytest" errors="0" failures="0" skipped="0" tests="12" time="42.610" timestamp="2026-08-21T19:22:37.253971+00:00" hostname="agent-env-5836a784-6316-4ad5-8886-38c4a5e6cecd"><testcase classname="backend.tests.test_v18_scheduler" name="test_api_root_fast" time="0.004" /><testcase classname="backend.tests.test_v18_scheduler" name="test_schedules_requires_auth" time="0.003" /><testcase classname="backend.tests.test_v18_scheduler" name="test_create_invalid_cron" time="0.234" /><testcase classname="backend.tests.test_v18_scheduler" name="test_create_invalid_scan_type" time="0.002" /><testcase classname="backend.tests.test_v18_scheduler" name="test_create_schedule_ok" time="0.003" /><testcase classname="backend.tests.test_v18_scheduler" name="test_list_returns_only_own_schedules" time="0.237" /><testcase classname="backend.tests.test_v18_scheduler" name="test_patch_pause_and_resume" time="0.008" /><testcase classname="backend.tests.test_v18_scheduler" name="test_patch_recron" time="0.008" /><testcase classname="backend.tests.test_v18_scheduler" name="test_delete_own_and_cross_user" time="0.010" /><testcase classname="backend.tests.test_v18_scheduler" name="test_scheduler_dispatch_every_minute" time="42.033" /><testcase classname="backend.tests.test_v18_scheduler" name="test_dashboard_stats" time="0.004" /><testcase classname="backend.tests.test_v18_scheduler" name="test_scans_list" time="0.003" /></testsuite></testsuites>