<?xml version="1.0" encoding="utf-8"?><testsuites name="pytest tests"><testsuite name="pytest" errors="0" failures="0" skipped="0" tests="8" time="13.048" timestamp="2026-08-21T19:47:12.716991+00:00" hostname="agent-env-5836a784-6316-4ad5-8886-38c4a5e6cecd"><testcase classname="backend.tests.test_v19_terminal" name="test_whoami_returns_user_fields" time="0.802" /><testcase classname="backend.tests.test_v19_terminal" name="test_scans_list_initially_empty" time="0.152" /><testcase classname="backend.tests.test_v19_terminal" name="test_scan_create_and_poll" time="0.321" /><testcase classname="backend.tests.test_v19_terminal" name="test_scans_list_after_creation" time="0.284" /><testcase classname="backend.tests.test_v19_terminal" name="test_scan_summary" time="8.110" /><testcase classname="backend.tests.test_v19_terminal" name="test_scan_nmap_xml" time="0.247" /><testcase classname="backend.tests.test_v19_terminal" name="test_scan_cancel_running" time="0.868" /><testcase classname="backend.tests.test_v19_terminal" name="test_chat_ai" time="2.198" /></testsuite></testsuites>