<?xml version="1.0" encoding="utf-8"?><testsuites name="pytest tests"><testsuite name="pytest" errors="0" failures="0" skipped="0" tests="23" time="41.224" timestamp="2026-08-21T19:47:30.534224+00:00" hostname="agent-env-5836a784-6316-4ad5-8886-38c4a5e6cecd"><testcase classname="backend.tests.test_v17_nmap_xml.TestNmapXmlDownload" name="test_recon_scan_produces_nmap_xml_in_results" time="0.759" /><testcase classname="backend.tests.test_v17_nmap_xml.TestNmapXmlDownload" name="test_download_endpoint_returns_xml" time="0.161" /><testcase classname="backend.tests.test_v17_nmap_xml.TestNmapXmlDownload" name="test_download_endpoint_unknown_scan_404" time="0.149" /><testcase classname="backend.tests.test_v17_nmap_xml.TestNmapXmlDownload" name="test_download_endpoint_requires_auth" time="0.253" /><testcase classname="backend.tests.test_v17_nmap_xml.TestNmapXmlDownload" name="test_download_other_user_scan_404" time="0.609" /><testcase classname="backend.tests.test_v17_nmap_xml.TestRegression" name="test_dashboard_stats" time="0.219" /><testcase classname="backend.tests.test_v17_nmap_xml.TestRegression" name="test_list_scans" time="0.147" /><testcase classname="backend.tests.test_v17_nmap_xml.TestRegression" name="test_login_flow" time="0.797" /><testcase classname="backend.tests.test_v17_nmap_xml.TestRegression" name="test_sarif_export" time="0.174" /><testcase classname="backend.tests.test_v17_nmap_xml.TestRegression" name="test_vuln_scan_produces_nmap_xml" time="11.558" /><testcase classname="backend.tests.test_v17_nmap_xml.TestRegression" name="test_network_scan_produces_nmap_xml" time="2.668" /><testcase classname="backend.tests.test_v18_scheduler" name="test_api_root_fast" time="0.138" /><testcase classname="backend.tests.test_v18_scheduler" name="test_schedules_requires_auth" time="0.353" /><testcase classname="backend.tests.test_v18_scheduler" name="test_create_invalid_cron" time="0.657" /><testcase classname="backend.tests.test_v18_scheduler" name="test_create_invalid_scan_type" time="0.178" /><testcase classname="backend.tests.test_v18_scheduler" name="test_create_schedule_ok" time="0.164" /><testcase classname="backend.tests.test_v18_scheduler" name="test_list_returns_only_own_schedules" time="0.754" /><testcase classname="backend.tests.test_v18_scheduler" name="test_patch_pause_and_resume" time="0.871" /><testcase classname="backend.tests.test_v18_scheduler" name="test_patch_recron" time="0.519" /><testcase classname="backend.tests.test_v18_scheduler" name="test_delete_own_and_cross_user" time="0.664" /><testcase classname="backend.tests.test_v18_scheduler" name="test_scheduler_dispatch_every_minute" time="19.091" /><testcase classname="backend.tests.test_v18_scheduler" name="test_dashboard_stats" time="0.137" /><testcase classname="backend.tests.test_v18_scheduler" name="test_scans_list" time="0.137" /></testsuite></testsuites>