<?xml version="1.0" encoding="utf-8"?><testsuites name="pytest tests"><testsuite name="pytest" errors="0" failures="0" skipped="0" tests="9" time="102.305" timestamp="2026-08-22T19:57:40.179559+00:00" hostname="agent-env-5836a784-6316-4ad5-8886-38c4a5e6cecd"><testcase classname="backend.tests.test_v20_remediation_autocomplete_regression" name="test_auth_login_and_me_regression" time="0.606" /><testcase classname="backend.tests.test_v20_remediation_autocomplete_regression" name="test_scan_list_and_get_regression" time="0.256" /><testcase classname="backend.tests.test_v20_remediation_autocomplete_regression" name="test_summary_regression_completed_scan" time="0.134" /><testcase classname="backend.tests.test_v20_remediation_autocomplete_regression" name="test_remediation_unauthenticated_rejected" time="0.144" /><testcase classname="backend.tests.test_v20_remediation_autocomplete_regression" name="test_remediation_cross_user_scan_hidden" time="0.459" /><testcase classname="backend.tests.test_v20_remediation_autocomplete_regression" name="test_remediation_invalid_finding_index_returns_404" time="0.137" /><testcase classname="backend.tests.test_v20_remediation_autocomplete_regression" name="test_remediation_non_completed_scan_returns_400" time="0.291" /><testcase classname="backend.tests.test_v20_remediation_autocomplete_regression" name="test_remediation_first_generate_returns_structured_uncached" time="99.964" /><testcase classname="backend.tests.test_v20_remediation_autocomplete_regression" name="test_remediation_second_call_returns_cached_and_identical" time="0.234" /></testsuite></testsuites>